-------------------------------------------------------------------------------
Test set: businessLogic.userBL.UserTest
-------------------------------------------------------------------------------
<<<<<<< HEAD
<<<<<<< HEAD
Tests run: 7, Failures: 0, Errors: 0, Skipped: 1, Time elapsed: 0.025 sec
=======
Tests run: 7, Failures: 0, Errors: 0, Skipped: 1, Time elapsed: 0.011 sec
>>>>>>> master
=======
Tests run: 7, Failures: 0, Errors: 0, Skipped: 1, Time elapsed: 0.011 sec
>>>>>>> master
